app/build/intermediates/manifest_merge_blame_file/debug/processDebugMainManifest/manifest-merger-blame-debug-report.txt
1<?xml version="1.0" encoding="utf-8"?>
2<manifest xmlns:android="http://schemas.android.com/apk/res/android"
3    package="virtual.camera.app"
4    android:versionCode="100"
5    android:versionName="1.0.0" >
6
7    <uses-sdk
8        android:minSdkVersion="24"
9        android:targetSdkVersion="31" />
10    <!-- Android 11 需要 -->
11    <uses-permission android:name="android.permission.QUERY_ALL_PACKAGES" />
11-->src\main\AndroidManifest.xml:6:5-77
11-->src\main\AndroidManifest.xml:6:22-74
12
13    <!-- 高危权限 -->
14    <uses-permission android:name="android.permission.MANAGE_EXTERNAL_STORAGE" />
14-->src\main\AndroidManifest.xml:9:5-82
14-->src\main\AndroidManifest.xml:9:22-79
15    <uses-permission android:name="android.permission.QUERY_ALL_PACKAGES" />
15-->src\main\AndroidManifest.xml:6:5-77
15-->src\main\AndroidManifest.xml:6:22-74
16    <uses-permission android:name="android.permission.REQUEST_INSTALL_PACKAGES" />
16-->src\main\AndroidManifest.xml:11:5-83
16-->src\main\AndroidManifest.xml:11:22-80
17    <uses-permission android:name="android.permission.ACCESS_COARSE_LOCATION" />
17-->src\main\AndroidManifest.xml:12:5-81
17-->src\main\AndroidManifest.xml:12:22-78
18    <uses-permission android:name="android.permission.ACCESS_FINE_LOCATION" />
18-->src\main\AndroidManifest.xml:13:5-79
18-->src\main\AndroidManifest.xml:13:22-76
19    <uses-permission android:name="android.permission.ACCESS_BACKGROUND_LOCATION" />
19-->src\main\AndroidManifest.xml:14:5-85
19-->src\main\AndroidManifest.xml:14:22-82
20    <!-- <uses-permission android:name="android.permission.UPDATE_DEVICE_STATS"/> -->
21
22    <uses-permission android:name="android.permission.READ_MEDIA_AUDIO" />
22-->src\main\AndroidManifest.xml:17:5-74
22-->src\main\AndroidManifest.xml:17:22-72
23    <uses-permission android:name="android.permission.READ_MEDIA_IMAGES" />
23-->src\main\AndroidManifest.xml:18:5-75
23-->src\main\AndroidManifest.xml:18:22-73
24    <uses-permission android:name="android.permission.READ_MEDIA_VIDEO" />
24-->src\main\AndroidManifest.xml:19:5-74
24-->src\main\AndroidManifest.xml:19:22-72
25
26    <!-- mediaLocation -->
27    <uses-permission android:name="android.permission.ACCESS_MEDIA_LOCATION" />
27-->src\main\AndroidManifest.xml:22:5-80
27-->src\main\AndroidManifest.xml:22:22-77
28    <!-- 常用 -->
29    <uses-permission android:name="android.permission.INTERNET" />
29-->src\main\AndroidManifest.xml:24:5-67
29-->src\main\AndroidManifest.xml:24:22-64
30    <uses-permission android:name="android.permission.FLASHLIGHT" />
30-->src\main\AndroidManifest.xml:25:5-69
30-->src\main\AndroidManifest.xml:25:22-66
31    <uses-permission android:name="android.permission.CAMERA" />
31-->src\main\AndroidManifest.xml:26:5-65
31-->src\main\AndroidManifest.xml:26:22-62
32
33    <uses-feature android:name="android.hardware.camera" />
33-->src\main\AndroidManifest.xml:28:5-60
33-->src\main\AndroidManifest.xml:28:19-57
34
35    <uses-permission android:name="android.permission.ACCESS_LOCATION_EXTRA_COMMANDS" />
35-->src\main\AndroidManifest.xml:31:5-89
35-->src\main\AndroidManifest.xml:31:22-86
36    <uses-permission android:name="android.permission.ACTIVITY_RECOGNITION" />
36-->src\main\AndroidManifest.xml:32:5-79
36-->src\main\AndroidManifest.xml:32:22-76
37    <uses-permission android:name="android.permission.ACCESS_NETWORK_STATE" />
37-->src\main\AndroidManifest.xml:33:5-79
37-->src\main\AndroidManifest.xml:33:22-76
38    <uses-permission android:name="android.permission.ACCESS_WIFI_STATE" />
38-->src\main\AndroidManifest.xml:34:5-76
38-->src\main\AndroidManifest.xml:34:22-73
39    <uses-permission android:name="android.permission.CHANGE_NETWORK_STATE" />
39-->src\main\AndroidManifest.xml:35:5-79
39-->src\main\AndroidManifest.xml:35:22-76
40    <uses-permission android:name="android.permission.CHANGE_WIFI_MULTICAST_STATE" />
40-->src\main\AndroidManifest.xml:36:5-86
40-->src\main\AndroidManifest.xml:36:22-83
41    <uses-permission android:name="android.permission.CHANGE_WIFI_STATE" />
41-->src\main\AndroidManifest.xml:37:5-76
41-->src\main\AndroidManifest.xml:37:22-73
42    <uses-permission android:name="android.permission.WRITE_EXTERNAL_STORAGE" />
42-->src\main\AndroidManifest.xml:38:5-81
42-->src\main\AndroidManifest.xml:38:22-78
43    <uses-permission android:name="android.permission.READ_EXTERNAL_STORAGE" />
43-->src\main\AndroidManifest.xml:39:5-80
43-->src\main\AndroidManifest.xml:39:22-77
44    <uses-permission android:name="android.permission.BODY_SENSORS" />
44-->src\main\AndroidManifest.xml:40:5-71
44-->src\main\AndroidManifest.xml:40:22-68
45    <uses-permission android:name="android.permission.BROADCAST_STICKY" />
45-->src\main\AndroidManifest.xml:41:5-75
45-->src\main\AndroidManifest.xml:41:22-72
46    <uses-permission android:name="android.permission.DISABLE_KEYGUARD" />
46-->src\main\AndroidManifest.xml:42:5-75
46-->src\main\AndroidManifest.xml:42:22-72
47    <uses-permission android:name="android.permission.EXPAND_STATUS_BAR" />
47-->src\main\AndroidManifest.xml:43:5-75
47-->src\main\AndroidManifest.xml:43:22-73
48    <uses-permission android:name="android.permission.GET_ACCOUNTS" />
48-->src\main\AndroidManifest.xml:44:5-71
48-->src\main\AndroidManifest.xml:44:22-68
49    <uses-permission android:name="android.permission.MANAGE_ACCOUNTS" />
49-->src\main\AndroidManifest.xml:45:5-74
49-->src\main\AndroidManifest.xml:45:22-71
50    <uses-permission android:name="android.permission.READ_PHONE_STATE" />
50-->src\main\AndroidManifest.xml:46:5-75
50-->src\main\AndroidManifest.xml:46:22-72
51    <uses-permission android:name="android.permission.READ_PHONE_NUMBERS" />
51-->src\main\AndroidManifest.xml:47:5-77
51-->src\main\AndroidManifest.xml:47:22-74
52    <uses-permission android:name="android.permission.ANSWER_PHONE_CALLS" />
52-->src\main\AndroidManifest.xml:48:5-77
52-->src\main\AndroidManifest.xml:48:22-74
53    <uses-permission android:name="android.permission.GET_TASKS" />
53-->src\main\AndroidManifest.xml:49:5-68
53-->src\main\AndroidManifest.xml:49:22-65
54    <uses-permission android:name="android.permission.KILL_BACKGROUND_PROCESSES" />
54-->src\main\AndroidManifest.xml:50:5-84
54-->src\main\AndroidManifest.xml:50:22-81
55    <uses-permission android:name="android.permission.REORDER_TASKS" />
55-->src\main\AndroidManifest.xml:51:5-72
55-->src\main\AndroidManifest.xml:51:22-69
56    <uses-permission android:name="android.permission.PERSISTENT_ACTIVITY" />
56-->src\main\AndroidManifest.xml:52:5-78
56-->src\main\AndroidManifest.xml:52:22-75
57    <uses-permission android:name="android.permission.RECORD_AUDIO" />
57-->src\main\AndroidManifest.xml:53:5-71
57-->src\main\AndroidManifest.xml:53:22-68
58    <!-- bluetooth -->
59    <uses-permission android:name="android.permission.BLUETOOTH" />
59-->src\main\AndroidManifest.xml:55:5-68
59-->src\main\AndroidManifest.xml:55:22-65
60    <uses-permission android:name="android.permission.BLUETOOTH_ADMIN" />
60-->src\main\AndroidManifest.xml:56:5-74
60-->src\main\AndroidManifest.xml:56:22-71
61    <uses-permission android:name="android.permission.BLUETOOTH_CONNECT" />
61-->src\main\AndroidManifest.xml:57:5-75
61-->src\main\AndroidManifest.xml:57:22-73
62    <uses-permission android:name="android.permission.BLUETOOTH_SCAN" />
62-->src\main\AndroidManifest.xml:58:5-73
62-->src\main\AndroidManifest.xml:58:22-70
63    <uses-permission android:name="android.permission.NFC" />
63-->src\main\AndroidManifest.xml:59:5-62
63-->src\main\AndroidManifest.xml:59:22-59
64    <uses-permission android:name="android.permission.MODIFY_AUDIO_SETTINGS" />
64-->src\main\AndroidManifest.xml:60:5-80
64-->src\main\AndroidManifest.xml:60:22-77
65    <uses-permission android:name="android.permission.VIBRATE" />
65-->src\main\AndroidManifest.xml:61:5-66
65-->src\main\AndroidManifest.xml:61:22-63
66    <uses-permission android:name="android.permission.USE_FINGERPRINT" />
66-->src\main\AndroidManifest.xml:62:5-74
66-->src\main\AndroidManifest.xml:62:22-71
67    <uses-permission android:name="com.android.browser.permission.READ_HISTORY_BOOKMARKS" />
67-->src\main\AndroidManifest.xml:63:5-93
67-->src\main\AndroidManifest.xml:63:22-90
68    <uses-permission android:name="com.android.browser.permission.WRITE_HISTORY_BOOKMARKS" />
68-->src\main\AndroidManifest.xml:64:5-94
68-->src\main\AndroidManifest.xml:64:22-91
69    <uses-permission android:name="android.permission.GET_PACKAGE_SIZE" />
69-->src\main\AndroidManifest.xml:65:5-75
69-->src\main\AndroidManifest.xml:65:22-72
70    <uses-permission android:name="android.permission.WRITE_SYNC_SETTINGS" />
70-->src\main\AndroidManifest.xml:66:5-78
70-->src\main\AndroidManifest.xml:66:22-75
71    <uses-permission android:name="android.permission.READ_SYNC_SETTINGS" />
71-->src\main\AndroidManifest.xml:67:5-77
71-->src\main\AndroidManifest.xml:67:22-74
72    <uses-permission android:name="android.permission.READ_SYNC_STATS" />
72-->src\main\AndroidManifest.xml:68:5-74
72-->src\main\AndroidManifest.xml:68:22-71
73    <uses-permission android:name="android.permission.SUBSCRIBED_FEEDS_READ" />
73-->src\main\AndroidManifest.xml:69:5-80
73-->src\main\AndroidManifest.xml:69:22-77
74    <uses-permission android:name="android.permission.SUBSCRIBED_FEEDS_WRITE" />
74-->src\main\AndroidManifest.xml:70:5-81
74-->src\main\AndroidManifest.xml:70:22-78
75    <uses-permission android:name="android.permission.WRITE_CALENDAR" />
75-->src\main\AndroidManifest.xml:71:5-73
75-->src\main\AndroidManifest.xml:71:22-70
76    <uses-permission android:name="android.permission.READ_CALENDAR" />
76-->src\main\AndroidManifest.xml:72:5-72
76-->src\main\AndroidManifest.xml:72:22-69
77    <uses-permission android:name="android.permission.READ_CONTACTS" />
77-->src\main\AndroidManifest.xml:73:5-72
77-->src\main\AndroidManifest.xml:73:22-69
78    <uses-permission android:name="android.permission.WRITE_CONTACTS" />
78-->src\main\AndroidManifest.xml:74:5-73
78-->src\main\AndroidManifest.xml:74:22-70
79    <uses-permission android:name="android.permission.RESTART_PACKAGES" />
79-->src\main\AndroidManifest.xml:75:5-75
79-->src\main\AndroidManifest.xml:75:22-72
80    <uses-permission android:name="android.permission.SET_WALLPAPER" />
80-->src\main\AndroidManifest.xml:76:5-72
80-->src\main\AndroidManifest.xml:76:22-69
81    <uses-permission android:name="android.permission.SET_WALLPAPER_HINTS" />
81-->src\main\AndroidManifest.xml:77:5-78
81-->src\main\AndroidManifest.xml:77:22-75
82    <uses-permission android:name="android.permission.TRANSMIT_IR" />
82-->src\main\AndroidManifest.xml:78:5-70
82-->src\main\AndroidManifest.xml:78:22-67
83    <uses-permission android:name="android.permission.USE_SIP" />
83-->src\main\AndroidManifest.xml:79:5-66
83-->src\main\AndroidManifest.xml:79:22-63
84    <uses-permission android:name="android.permission.WAKE_LOCK" />
84-->src\main\AndroidManifest.xml:80:5-68
84-->src\main\AndroidManifest.xml:80:22-65
85    <uses-permission android:name="android.permission.SYSTEM_ALERT_WINDOW" />
85-->src\main\AndroidManifest.xml:81:5-78
85-->src\main\AndroidManifest.xml:81:22-75
86    <uses-permission android:name="android.permission.SYSTEM_OVERLAY_WINDOW" />
86-->src\main\AndroidManifest.xml:82:5-80
86-->src\main\AndroidManifest.xml:82:22-77
87    <uses-permission android:name="android.permission.RECEIVE_BOOT_COMPLETED" />
87-->src\main\AndroidManifest.xml:83:5-81
87-->src\main\AndroidManifest.xml:83:22-78
88    <uses-permission android:name="android.permission.READ_INSTALL_SESSIONS" />
88-->src\main\AndroidManifest.xml:84:5-80
88-->src\main\AndroidManifest.xml:84:22-77
89    <uses-permission android:name="android.permission.READ_OWNER_DATA" />
89-->src\main\AndroidManifest.xml:85:5-74
89-->src\main\AndroidManifest.xml:85:22-71
90    <uses-permission android:name="android.permission.WRITE_CLIPS" />
90-->src\main\AndroidManifest.xml:86:5-70
90-->src\main\AndroidManifest.xml:86:22-67
91    <uses-permission android:name="android.permission.READ_CLIPS" />
91-->src\main\AndroidManifest.xml:87:5-69
91-->src\main\AndroidManifest.xml:87:22-66
92    <uses-permission android:name="android.permission.GET_CLIPS" />
92-->src\main\AndroidManifest.xml:88:5-68
92-->src\main\AndroidManifest.xml:88:22-65
93    <uses-permission android:name="android.permission.WRITE_OWNER_DATA" />
93-->src\main\AndroidManifest.xml:89:5-75
93-->src\main\AndroidManifest.xml:89:22-72
94    <uses-permission android:name="android.permission.ACCESS_GPS" />
94-->src\main\AndroidManifest.xml:90:5-69
94-->src\main\AndroidManifest.xml:90:22-66
95    <uses-permission android:name="android.permission.ACCESS_WIMAX_STATE" />
95-->src\main\AndroidManifest.xml:91:5-77
95-->src\main\AndroidManifest.xml:91:22-74
96    <uses-permission android:name="android.permission.ACCESS_DOWNLOAD_MANAGER" />
96-->src\main\AndroidManifest.xml:92:5-82
96-->src\main\AndroidManifest.xml:92:22-79
97    <uses-permission android:name="android.permission.CHANGE_WIMAX_STATE" />
97-->src\main\AndroidManifest.xml:93:5-77
97-->src\main\AndroidManifest.xml:93:22-74
98    <uses-permission android:name="android.permission.DOWNLOAD_WITHOUT_NOTIFICATION" />
98-->src\main\AndroidManifest.xml:94:5-88
98-->src\main\AndroidManifest.xml:94:22-85
99    <uses-permission android:name="android.permission.REQUEST_DELETE_PACKAGES" />
99-->src\main\AndroidManifest.xml:95:5-82
99-->src\main\AndroidManifest.xml:95:22-79
100    <uses-permission android:name="android.permission.SCHEDULE_EXACT_ALARM" />
100-->src\main\AndroidManifest.xml:96:5-79
100-->src\main\AndroidManifest.xml:96:22-76
101    <uses-permission android:name="android.permission.CALL_PHONE" />
101-->src\main\AndroidManifest.xml:98:5-69
101-->src\main\AndroidManifest.xml:98:22-66
102    <uses-permission android:name="android.permission.FOREGROUND_SERVICE" />
102-->src\main\AndroidManifest.xml:99:5-77
102-->src\main\AndroidManifest.xml:99:22-74
103    <uses-permission android:name="com.open.gallery.smart.Read" />
103-->src\main\AndroidManifest.xml:101:5-66
103-->src\main\AndroidManifest.xml:101:22-64
104    <uses-permission android:name="com.open.gallery.smart.Write" />
104-->src\main\AndroidManifest.xml:102:5-67
104-->src\main\AndroidManifest.xml:102:22-65
105    <uses-permission android:name="com.open.gallery.smart.Provider" />
105-->src\main\AndroidManifest.xml:103:5-71
105-->src\main\AndroidManifest.xml:103:22-68
106    <uses-permission android:name="ohos.permission.GET_BUNDLE_INFO" />
106-->src\main\AndroidManifest.xml:105:5-70
106-->src\main\AndroidManifest.xml:105:22-68
107    <uses-permission android:name="ohos.permission.GET_BUNDLE_INFO_PRIVILEGED" />
107-->src\main\AndroidManifest.xml:106:5-81
107-->src\main\AndroidManifest.xml:106:22-79
108
109    <permission
109-->[androidx.core:core:1.9.0] AndroidManifest.xml:22:5-24:47
110        android:name="virtual.camera.app.DYNAMIC_RECEIVER_NOT_EXPORTED_PERMISSION"
110-->[androidx.core:core:1.9.0] AndroidManifest.xml:23:9-81
111        android:protectionLevel="signature" />
111-->[androidx.core:core:1.9.0] AndroidManifest.xml:24:9-44
112
113    <uses-permission android:name="virtual.camera.app.DYNAMIC_RECEIVER_NOT_EXPORTED_PERMISSION" />
113-->[androidx.core:core:1.9.0] AndroidManifest.xml:26:5-97
113-->[androidx.core:core:1.9.0] AndroidManifest.xml:26:22-94
114
115    <supports-screens
115-->[org.osmdroid:osmdroid-android:6.1.11] AndroidManifest.xml:11:5-14:40
116        android:anyDensity="true"
116-->[org.osmdroid:osmdroid-android:6.1.11] AndroidManifest.xml:12:9-34
117        android:largeScreens="true"
117-->[org.osmdroid:osmdroid-android:6.1.11] AndroidManifest.xml:13:9-36
118        android:normalScreens="true" />
118-->[org.osmdroid:osmdroid-android:6.1.11] AndroidManifest.xml:14:9-37
119
120    <uses-feature
120-->[org.osmdroid:osmdroid-android:6.1.11] AndroidManifest.xml:16:5-18:36
121        android:name="android.hardware.location.network"
121-->[org.osmdroid:osmdroid-android:6.1.11] AndroidManifest.xml:17:9-57
122        android:required="false" />
122-->[org.osmdroid:osmdroid-android:6.1.11] AndroidManifest.xml:18:9-33
123    <uses-feature
123-->[org.osmdroid:osmdroid-android:6.1.11] AndroidManifest.xml:19:5-21:36
124        android:name="android.hardware.location.gps"
124-->[org.osmdroid:osmdroid-android:6.1.11] AndroidManifest.xml:20:9-53
125        android:required="false" />
125-->[org.osmdroid:osmdroid-android:6.1.11] AndroidManifest.xml:21:9-33
126    <uses-feature
126-->[org.osmdroid:osmdroid-android:6.1.11] AndroidManifest.xml:22:5-24:36
127        android:name="android.hardware.telephony"
127-->[org.osmdroid:osmdroid-android:6.1.11] AndroidManifest.xml:23:9-50
128        android:required="false" />
128-->[org.osmdroid:osmdroid-android:6.1.11] AndroidManifest.xml:24:9-33
129    <uses-feature
129-->[org.osmdroid:osmdroid-android:6.1.11] AndroidManifest.xml:25:5-27:36
130        android:name="android.hardware.wifi"
130-->[org.osmdroid:osmdroid-android:6.1.11] AndroidManifest.xml:26:9-45
131        android:required="false" />
131-->[org.osmdroid:osmdroid-android:6.1.11] AndroidManifest.xml:27:9-33
132
133    <application
133-->src\main\AndroidManifest.xml:108:5-137:19
134        android:name="virtual.camera.app.app.App"
134-->src\main\AndroidManifest.xml:109:9-50
135        android:allowBackup="true"
135-->src\main\AndroidManifest.xml:110:9-35
136        android:allowNativeHeapPointerTagging="false"
136-->[:opensdk] AndroidManifest.xml:8:9-54
137        android:appComponentFactory="androidx.core.app.CoreComponentFactory"
137-->[androidx.core:core:1.9.0] AndroidManifest.xml:28:18-86
138        android:debuggable="true"
139        android:extractNativeLibs="false"
140        android:hardwareAccelerated="true"
140-->[:opensdk] AndroidManifest.xml:10:9-43
141        android:icon="@mipmap/ic_launcher"
141-->src\main\AndroidManifest.xml:111:9-43
142        android:label="@string/app_name"
142-->src\main\AndroidManifest.xml:112:9-41
143        android:largeHeap="true"
143-->[:opensdk] AndroidManifest.xml:11:9-33
144        android:multiArch="true"
144-->[:opensdk] AndroidManifest.xml:12:9-33
145        android:networkSecurityConfig="@xml/network_security_config"
145-->src\main\AndroidManifest.xml:113:9-69
146        android:supportsRtl="true"
146-->src\main\AndroidManifest.xml:114:9-35
147        android:theme="@style/Theme.VCamera"
147-->src\main\AndroidManifest.xml:115:9-45
148        android:usesCleartextTraffic="true" >
148-->[:opensdk] AndroidManifest.xml:13:9-44
149        <activity
149-->src\main\AndroidManifest.xml:117:9-108
150            android:name="virtual.camera.app.view.setting.SettingActivity"
150-->src\main\AndroidManifest.xml:117:19-81
151            android:exported="false" />
151-->src\main\AndroidManifest.xml:117:82-106
152        <activity
152-->src\main\AndroidManifest.xml:118:9-107
153            android:name="virtual.camera.app.view.gms.GmsManagerActivity"
153-->src\main\AndroidManifest.xml:118:19-80
154            android:exported="false" />
154-->src\main\AndroidManifest.xml:118:81-105
155        <activity
155-->src\main\AndroidManifest.xml:119:9-129:20
156            android:name="virtual.camera.app.view.main.WelcomeActivity"
156-->src\main\AndroidManifest.xml:120:13-72
157            android:exported="true"
157-->src\main\AndroidManifest.xml:122:13-36
158            android:launchMode="singleTop"
158-->src\main\AndroidManifest.xml:121:13-43
159            android:theme="@style/WelcomeTheme" >
159-->src\main\AndroidManifest.xml:123:13-48
160            <intent-filter>
160-->src\main\AndroidManifest.xml:124:13-128:29
161                <action android:name="android.intent.action.MAIN" />
161-->src\main\AndroidManifest.xml:125:17-69
161-->src\main\AndroidManifest.xml:125:25-66
162
163                <category android:name="android.intent.category.LAUNCHER" />
163-->src\main\AndroidManifest.xml:127:17-77
163-->src\main\AndroidManifest.xml:127:27-74
164            </intent-filter>
165        </activity>
166        <activity
166-->src\main\AndroidManifest.xml:130:9-102
167            android:name="virtual.camera.app.view.list.ListActivity"
167-->src\main\AndroidManifest.xml:130:19-75
168            android:exported="false" />
168-->src\main\AndroidManifest.xml:130:76-100
169        <activity
169-->src\main\AndroidManifest.xml:132:9-136:20
170            android:name="virtual.camera.app.view.main.MainActivity"
170-->src\main\AndroidManifest.xml:132:19-75
171            android:exported="false" >
171-->src\main\AndroidManifest.xml:132:76-100
172            <intent-filter>
172-->src\main\AndroidManifest.xml:133:13-135:29
173                <action android:name="android.intent.action.MAIN" />
173-->src\main\AndroidManifest.xml:125:17-69
173-->src\main\AndroidManifest.xml:125:25-66
174            </intent-filter>
175        </activity>
176        <activity
176-->[:opensdk] AndroidManifest.xml:14:9-22:59
177            android:name="com.hack.assist.AssistActivity"
177-->[:opensdk] AndroidManifest.xml:15:13-58
178            android:excludeFromRecents="true"
178-->[:opensdk] AndroidManifest.xml:16:13-46
179            android:exported="true"
179-->[:opensdk] AndroidManifest.xml:17:13-36
180            android:noHistory="true"
180-->[:opensdk] AndroidManifest.xml:18:13-37
181            android:process="@string/assist_process"
181-->[:opensdk] AndroidManifest.xml:19:13-53
182            android:screenOrientation="behind"
182-->[:opensdk] AndroidManifest.xml:20:13-47
183            android:taskAffinity="virtual.camera.app.vt"
183-->[:opensdk] AndroidManifest.xml:21:13-55
184            android:theme="@style/Theme.ActivityAgentT" />
184-->[:opensdk] AndroidManifest.xml:22:13-56
185
186        <service
186-->[:opensdk] AndroidManifest.xml:24:9-28:57
187            android:name="com.hack.agent.HackJobService"
187-->[:opensdk] AndroidManifest.xml:25:13-57
188            android:exported="true"
188-->[:opensdk] AndroidManifest.xml:26:13-36
189            android:permission="android.permission.BIND_JOB_SERVICE"
189-->[:opensdk] AndroidManifest.xml:27:13-69
190            android:process="@string/service_process" />
190-->[:opensdk] AndroidManifest.xml:28:13-54
191
192        <provider
192-->[:opensdk] AndroidManifest.xml:30:9-37:20
193            android:name="com.hack.agent.HackFileProvider"
193-->[:opensdk] AndroidManifest.xml:31:13-59
194            android:authorities="virtual.camera.app:com.hack.agent.HackFileProvider"
194-->[:opensdk] AndroidManifest.xml:32:13-83
195            android:enabled="true"
195-->[:opensdk] AndroidManifest.xml:33:13-35
196            android:exported="false"
196-->[:opensdk] AndroidManifest.xml:34:13-37
197            android:grantUriPermissions="true"
197-->[:opensdk] AndroidManifest.xml:35:13-47
198            android:process="@string/service_process" >
198-->[:opensdk] AndroidManifest.xml:36:13-54
199        </provider>
200
201        <receiver
201-->[:opensdk] AndroidManifest.xml:39:9-45:20
202            android:name="com.hack.agent.HackReceiver"
202-->[:opensdk] AndroidManifest.xml:40:13-55
203            android:exported="false" >
203-->[:opensdk] AndroidManifest.xml:41:13-37
204            <intent-filter>
204-->[:opensdk] AndroidManifest.xml:42:13-44:29
205                <action android:name="android.trampo.intentSender" />
205-->[:opensdk] AndroidManifest.xml:43:17-70
205-->[:opensdk] AndroidManifest.xml:43:25-67
206            </intent-filter>
207        </receiver>
208
209        <service
209-->[:opensdk] AndroidManifest.xml:47:9-55:19
210            android:name="com.hack.agent.HackNotificationService"
210-->[:opensdk] AndroidManifest.xml:48:13-66
211            android:exported="true"
211-->[:opensdk] AndroidManifest.xml:49:13-36
212            android:permission="android.permission.BIND_NOTIFICATION_LISTENER_SERVICE"
212-->[:opensdk] AndroidManifest.xml:50:13-87
213            android:process="@string/service_process" >
213-->[:opensdk] AndroidManifest.xml:51:13-54
214            <intent-filter>
214-->[:opensdk] AndroidManifest.xml:52:13-54:29
215                <action android:name="android.service.notification.NotificationListenerService" />
215-->[:opensdk] AndroidManifest.xml:53:17-99
215-->[:opensdk] AndroidManifest.xml:53:25-96
216            </intent-filter>
217        </service>
218
219        <activity
219-->[:opensdk] AndroidManifest.xml:57:9-67:20
220            android:name="com.hack.agent.HackAppActivity$P"
220-->[:opensdk] AndroidManifest.xml:58:13-60
221            android:configChanges="mcc|mnc|locale|touchscreen|keyboard|keyboardHidden|navigation|screenLayout|fontScale|uiMode|orientation|screenSize|smallestScreenSize|layoutDirection"
221-->[:opensdk] AndroidManifest.xml:59:13-186
222            android:hardwareAccelerated="true"
222-->[:opensdk] AndroidManifest.xml:60:13-47
223            android:launchMode="standard"
223-->[:opensdk] AndroidManifest.xml:61:13-42
224            android:multiprocess="true"
224-->[:opensdk] AndroidManifest.xml:62:13-40
225            android:screenOrientation="portrait"
225-->[:opensdk] AndroidManifest.xml:63:13-49
226            android:supportsPictureInPicture="true"
226-->[:opensdk] AndroidManifest.xml:64:13-52
227            android:taskAffinity="virtual.camera.app.vt"
227-->[:opensdk] AndroidManifest.xml:65:13-55
228            android:theme="@style/Theme.ActivityAgent" >
228-->[:opensdk] AndroidManifest.xml:66:13-55
229        </activity>
230        <activity
230-->[:opensdk] AndroidManifest.xml:68:9-78:20
231            android:name="com.hack.agent.HackAppActivity$PT"
231-->[:opensdk] AndroidManifest.xml:69:13-61
232            android:configChanges="mcc|mnc|locale|touchscreen|keyboard|keyboardHidden|navigation|screenLayout|fontScale|uiMode|orientation|screenSize|smallestScreenSize|layoutDirection"
232-->[:opensdk] AndroidManifest.xml:70:13-186
233            android:hardwareAccelerated="true"
233-->[:opensdk] AndroidManifest.xml:71:13-47
234            android:launchMode="standard"
234-->[:opensdk] AndroidManifest.xml:72:13-42
235            android:multiprocess="true"
235-->[:opensdk] AndroidManifest.xml:73:13-40
236            android:screenOrientation="portrait"
236-->[:opensdk] AndroidManifest.xml:74:13-49
237            android:supportsPictureInPicture="true"
237-->[:opensdk] AndroidManifest.xml:75:13-52
238            android:taskAffinity="virtual.camera.app.vt"
238-->[:opensdk] AndroidManifest.xml:76:13-55
239            android:theme="@style/Theme.ActivityAgentT" >
239-->[:opensdk] AndroidManifest.xml:77:13-56
240        </activity>
241        <activity
241-->[:opensdk] AndroidManifest.xml:79:9-89:20
242            android:name="com.hack.agent.HackAppActivity$L"
242-->[:opensdk] AndroidManifest.xml:80:13-60
243            android:configChanges="mcc|mnc|locale|touchscreen|keyboard|keyboardHidden|navigation|screenLayout|fontScale|uiMode|orientation|screenSize|smallestScreenSize|layoutDirection"
243-->[:opensdk] AndroidManifest.xml:81:13-186
244            android:hardwareAccelerated="true"
244-->[:opensdk] AndroidManifest.xml:82:13-47
245            android:launchMode="standard"
245-->[:opensdk] AndroidManifest.xml:83:13-42
246            android:multiprocess="true"
246-->[:opensdk] AndroidManifest.xml:84:13-40
247            android:screenOrientation="landscape"
247-->[:opensdk] AndroidManifest.xml:85:13-50
248            android:supportsPictureInPicture="true"
248-->[:opensdk] AndroidManifest.xml:86:13-52
249            android:taskAffinity="virtual.camera.app.vt"
249-->[:opensdk] AndroidManifest.xml:87:13-55
250            android:theme="@style/Theme.ActivityAgent" >
250-->[:opensdk] AndroidManifest.xml:88:13-55
251        </activity>
252        <activity
252-->[:opensdk] AndroidManifest.xml:90:9-100:20
253            android:name="com.hack.agent.HackAppActivity$LT"
253-->[:opensdk] AndroidManifest.xml:91:13-61
254            android:configChanges="mcc|mnc|locale|touchscreen|keyboard|keyboardHidden|navigation|screenLayout|fontScale|uiMode|orientation|screenSize|smallestScreenSize|layoutDirection"
254-->[:opensdk] AndroidManifest.xml:92:13-186
255            android:hardwareAccelerated="true"
255-->[:opensdk] AndroidManifest.xml:93:13-47
256            android:launchMode="standard"
256-->[:opensdk] AndroidManifest.xml:94:13-42
257            android:multiprocess="true"
257-->[:opensdk] AndroidManifest.xml:95:13-40
258            android:screenOrientation="landscape"
258-->[:opensdk] AndroidManifest.xml:96:13-50
259            android:supportsPictureInPicture="true"
259-->[:opensdk] AndroidManifest.xml:97:13-52
260            android:taskAffinity="virtual.camera.app.vt"
260-->[:opensdk] AndroidManifest.xml:98:13-55
261            android:theme="@style/Theme.ActivityAgentT" >
261-->[:opensdk] AndroidManifest.xml:99:13-56
262        </activity>
263        <activity
263-->[:opensdk] AndroidManifest.xml:101:9-111:20
264            android:name="com.hack.agent.HackAppActivity$B"
264-->[:opensdk] AndroidManifest.xml:102:13-60
265            android:configChanges="mcc|mnc|locale|touchscreen|keyboard|keyboardHidden|navigation|screenLayout|fontScale|uiMode|orientation|screenSize|smallestScreenSize|layoutDirection"
265-->[:opensdk] AndroidManifest.xml:103:13-186
266            android:hardwareAccelerated="true"
266-->[:opensdk] AndroidManifest.xml:104:13-47
267            android:launchMode="standard"
267-->[:opensdk] AndroidManifest.xml:105:13-42
268            android:multiprocess="true"
268-->[:opensdk] AndroidManifest.xml:106:13-40
269            android:screenOrientation="behind"
269-->[:opensdk] AndroidManifest.xml:107:13-47
270            android:supportsPictureInPicture="true"
270-->[:opensdk] AndroidManifest.xml:108:13-52
271            android:taskAffinity="virtual.camera.app.vt"
271-->[:opensdk] AndroidManifest.xml:109:13-55
272            android:theme="@style/Theme.ActivityAgent" >
272-->[:opensdk] AndroidManifest.xml:110:13-55
273        </activity>
274        <activity
274-->[:opensdk] AndroidManifest.xml:112:9-122:20